[debug] [2024-03-25T23:02:16.021Z] ----------------------------------------------------------------------
[debug] [2024-03-25T23:02:16.021Z] Command:       /Users/guilhermecazaroto/.nvm/versions/node/v18.16.1/bin/node /Users/guilhermecazaroto/.nvm/versions/node/v18.16.1/bin/firebase deploy --project serveless-survey-api
[debug] [2024-03-25T23:02:16.022Z] CLI Version:   13.5.2
[debug] [2024-03-25T23:02:16.022Z] Platform:      darwin
[debug] [2024-03-25T23:02:16.022Z] Node Version:  v18.16.1
[debug] [2024-03-25T23:02:16.026Z] Time:          Mon Mar 25 2024 20:02:16 GMT-0300 (Brasilia Standard Time)
[debug] [2024-03-25T23:02:16.026Z] ----------------------------------------------------------------------
[debug] 
[debug] [2024-03-25T23:02:16.059Z] > command requires scopes: ["email","openid","https://www.googleapis.com/auth/cloudplatformprojects.readonly","https://www.googleapis.com/auth/firebase","https://www.googleapis.com/auth/cloud-platform"]
[debug] [2024-03-25T23:02:16.060Z] > authorizing via signed-in user (gui.cazaroto@gmail.com)
[debug] [2024-03-25T23:02:16.060Z] [iam] checking project serveless-survey-api for permissions ["cloudfunctions.functions.create","cloudfunctions.functions.delete","cloudfunctions.functions.get","cloudfunctions.functions.list","cloudfunctions.functions.update","cloudfunctions.operations.get","firebase.projects.get"]
[debug] [2024-03-25T23:02:16.061Z] >>> [apiv2][query] POST https://cloudresourcemanager.googleapis.com/v1/projects/serveless-survey-api:testIamPermissions [none]
[debug] [2024-03-25T23:02:16.061Z] >>> [apiv2][(partial)header] POST https://cloudresourcemanager.googleapis.com/v1/projects/serveless-survey-api:testIamPermissions x-goog-quota-user=projects/serveless-survey-api
[debug] [2024-03-25T23:02:16.061Z] >>> [apiv2][body] POST https://cloudresourcemanager.googleapis.com/v1/projects/serveless-survey-api:testIamPermissions {"permissions":["cloudfunctions.functions.create","cloudfunctions.functions.delete","cloudfunctions.functions.get","cloudfunctions.functions.list","cloudfunctions.functions.update","cloudfunctions.operations.get","firebase.projects.get"]}
[debug] [2024-03-25T23:02:16.951Z] <<< [apiv2][status] POST https://cloudresourcemanager.googleapis.com/v1/projects/serveless-survey-api:testIamPermissions 200
[debug] [2024-03-25T23:02:16.951Z] <<< [apiv2][body] POST https://cloudresourcemanager.googleapis.com/v1/projects/serveless-survey-api:testIamPermissions {"permissions":["cloudfunctions.functions.create","cloudfunctions.functions.delete","cloudfunctions.functions.get","cloudfunctions.functions.list","cloudfunctions.functions.update","cloudfunctions.operations.get","firebase.projects.get"]}
[debug] [2024-03-25T23:02:16.952Z] >>> [apiv2][query] POST https://iam.googleapis.com/v1/projects/serveless-survey-api/serviceAccounts/serveless-survey-api@appspot.gserviceaccount.com:testIamPermissions [none]
[debug] [2024-03-25T23:02:16.952Z] >>> [apiv2][body] POST https://iam.googleapis.com/v1/projects/serveless-survey-api/serviceAccounts/serveless-survey-api@appspot.gserviceaccount.com:testIamPermissions {"permissions":["iam.serviceAccounts.actAs"]}
[debug] [2024-03-25T23:02:17.797Z] <<< [apiv2][status] POST https://iam.googleapis.com/v1/projects/serveless-survey-api/serviceAccounts/serveless-survey-api@appspot.gserviceaccount.com:testIamPermissions 200
[debug] [2024-03-25T23:02:17.797Z] <<< [apiv2][body] POST https://iam.googleapis.com/v1/projects/serveless-survey-api/serviceAccounts/serveless-survey-api@appspot.gserviceaccount.com:testIamPermissions {"permissions":["iam.serviceAccounts.actAs"]}
[info] 
[info] === Deploying to 'serveless-survey-api'...
[info] 
[info] i  deploying functions 
[debug] [2024-03-25T23:02:17.799Z] >>> [apiv2][query] GET https://firebase.googleapis.com/v1beta1/projects/serveless-survey-api [none]
[debug] [2024-03-25T23:02:18.331Z] <<< [apiv2][status] GET https://firebase.googleapis.com/v1beta1/projects/serveless-survey-api 200
[debug] [2024-03-25T23:02:18.331Z] <<< [apiv2][body] GET https://firebase.googleapis.com/v1beta1/projects/serveless-survey-api {"projectId":"serveless-survey-api","projectNumber":"251175267223","displayName":"servless-1314","name":"projects/serveless-survey-api","resources":{"hostingSite":"serveless-survey-api"},"state":"ACTIVE","etag":"1_31d9a8c7-2658-4d83-a79e-56e8d7c71a15"}
[info] i  functions: preparing codebase default for deployment 
[info] i  functions: ensuring required API cloudfunctions.googleapis.com is enabled... 
[info] i  functions: ensuring required API cloudbuild.googleapis.com is enabled... 
[info] i  artifactregistry: ensuring required API artifactregistry.googleapis.com is enabled... 
[debug] [2024-03-25T23:02:18.334Z] >>> [apiv2][query] GET https://serviceusage.googleapis.com/v1/projects/serveless-survey-api/services/cloudfunctions.googleapis.com [none]
[debug] [2024-03-25T23:02:18.334Z] >>> [apiv2][(partial)header] GET https://serviceusage.googleapis.com/v1/projects/serveless-survey-api/services/cloudfunctions.googleapis.com x-goog-quota-user=projects/serveless-survey-api
[debug] [2024-03-25T23:02:18.336Z] >>> [apiv2][query] GET https://serviceusage.googleapis.com/v1/projects/serveless-survey-api/services/runtimeconfig.googleapis.com [none]
[debug] [2024-03-25T23:02:18.336Z] >>> [apiv2][(partial)header] GET https://serviceusage.googleapis.com/v1/projects/serveless-survey-api/services/runtimeconfig.googleapis.com x-goog-quota-user=projects/serveless-survey-api
[debug] [2024-03-25T23:02:18.337Z] >>> [apiv2][query] GET https://serviceusage.googleapis.com/v1/projects/serveless-survey-api/services/cloudbuild.googleapis.com [none]
[debug] [2024-03-25T23:02:18.337Z] >>> [apiv2][(partial)header] GET https://serviceusage.googleapis.com/v1/projects/serveless-survey-api/services/cloudbuild.googleapis.com x-goog-quota-user=projects/serveless-survey-api
[debug] [2024-03-25T23:02:18.337Z] >>> [apiv2][query] GET https://serviceusage.googleapis.com/v1/projects/serveless-survey-api/services/artifactregistry.googleapis.com [none]
[debug] [2024-03-25T23:02:18.337Z] >>> [apiv2][(partial)header] GET https://serviceusage.googleapis.com/v1/projects/serveless-survey-api/services/artifactregistry.googleapis.com x-goog-quota-user=projects/serveless-survey-api
[debug] [2024-03-25T23:02:19.425Z] <<< [apiv2][status] GET https://serviceusage.googleapis.com/v1/projects/serveless-survey-api/services/cloudbuild.googleapis.com 200
[debug] [2024-03-25T23:02:19.425Z] <<< [apiv2][body] GET https://serviceusage.googleapis.com/v1/projects/serveless-survey-api/services/cloudbuild.googleapis.com [omitted]
[info] ✔  functions: required API cloudbuild.googleapis.com is enabled 
[debug] [2024-03-25T23:02:19.426Z] <<< [apiv2][status] GET https://serviceusage.googleapis.com/v1/projects/serveless-survey-api/services/runtimeconfig.googleapis.com 200
[debug] [2024-03-25T23:02:19.426Z] <<< [apiv2][body] GET https://serviceusage.googleapis.com/v1/projects/serveless-survey-api/services/runtimeconfig.googleapis.com [omitted]
[debug] [2024-03-25T23:02:19.427Z] <<< [apiv2][status] GET https://serviceusage.googleapis.com/v1/projects/serveless-survey-api/services/artifactregistry.googleapis.com 200
[debug] [2024-03-25T23:02:19.427Z] <<< [apiv2][body] GET https://serviceusage.googleapis.com/v1/projects/serveless-survey-api/services/artifactregistry.googleapis.com [omitted]
[info] ✔  artifactregistry: required API artifactregistry.googleapis.com is enabled 
[debug] [2024-03-25T23:02:19.448Z] <<< [apiv2][status] GET https://serviceusage.googleapis.com/v1/projects/serveless-survey-api/services/cloudfunctions.googleapis.com 200
[debug] [2024-03-25T23:02:19.449Z] <<< [apiv2][body] GET https://serviceusage.googleapis.com/v1/projects/serveless-survey-api/services/cloudfunctions.googleapis.com [omitted]
[info] ✔  functions: required API cloudfunctions.googleapis.com is enabled 
[debug] [2024-03-25T23:02:19.449Z] >>> [apiv2][query] GET https://firebase.googleapis.com/v1beta1/projects/serveless-survey-api/adminSdkConfig [none]
[debug] [2024-03-25T23:02:19.871Z] <<< [apiv2][status] GET https://firebase.googleapis.com/v1beta1/projects/serveless-survey-api/adminSdkConfig 200
[debug] [2024-03-25T23:02:19.871Z] <<< [apiv2][body] GET https://firebase.googleapis.com/v1beta1/projects/serveless-survey-api/adminSdkConfig {"projectId":"serveless-survey-api","storageBucket":"serveless-survey-api.appspot.com"}
[debug] [2024-03-25T23:02:19.871Z] >>> [apiv2][query] GET https://runtimeconfig.googleapis.com/v1beta1/projects/serveless-survey-api/configs [none]
[debug] [2024-03-25T23:02:20.990Z] <<< [apiv2][status] GET https://runtimeconfig.googleapis.com/v1beta1/projects/serveless-survey-api/configs 200
[debug] [2024-03-25T23:02:20.990Z] <<< [apiv2][body] GET https://runtimeconfig.googleapis.com/v1beta1/projects/serveless-survey-api/configs {}
[debug] [2024-03-25T23:02:20.992Z] Validating nodejs source
[debug] [2024-03-25T23:02:21.497Z] > [functions] package.json contents: {
  "name": "functions",
  "description": "Cloud Functions for Firebase",
  "scripts": {
    "serve": "firebase emulators:start --only functions",
    "shell": "firebase functions:shell",
    "start": "npm run shell",
    "deploy": "firebase deploy --only functions",
    "logs": "firebase functions:log"
  },
  "engines": {
    "node": "18"
  },
  "main": "index.js",
  "dependencies": {
    "crypto": "^1.0.1",
    "express": "^4.19.1",
    "firebase-admin": "^11.8.0",
    "firebase-functions": "^4.3.1",
    "jsonwebtoken": "^9.0.2",
    "swagger-ui-express": "^5.0.0"
  },
  "devDependencies": {
    "firebase-functions-test": "^3.1.0"
  },
  "private": true
}
[debug] [2024-03-25T23:02:21.497Z] Building nodejs source
[info] i  functions: Loading and analyzing source code for codebase default to determine what to deploy 
[debug] [2024-03-25T23:02:21.498Z] Could not find functions.yaml. Must use http discovery
[debug] [2024-03-25T23:02:21.502Z] Found firebase-functions binary at '/Users/guilhermecazaroto/Desktop/all/smart-survey/serveless/functions/node_modules/.bin/firebase-functions'
[info] Serving at port 8452

[debug] [2024-03-25T23:02:21.779Z] Got response from /__/functions.yaml {"endpoints":{"api":{"platform":"gcfv1","availableMemoryMb":null,"timeoutSeconds":null,"minInstances":null,"maxInstances":null,"ingressSettings":null,"serviceAccountEmail":null,"vpc":null,"httpsTrigger":{},"entryPoint":"api"}},"specVersion":"v1alpha1","requiredAPIs":[]}
[info] i  functions: preparing functions directory for uploading... 
[info] i  functions: packaged /Users/guilhermecazaroto/Desktop/all/smart-survey/serveless/functions (171.23 KB) for uploading 
[debug] [2024-03-25T23:02:21.816Z] >>> [apiv2][query] GET https://cloudfunctions.googleapis.com/v1/projects/serveless-survey-api/locations/-/functions [none]
